<?xml version="1.0" encoding="UTF-8"?>
<!-- Generated by org.testng.reporters.JUnitReportReporter -->
<testsuite hostname="DESKTOP-7719GSO" failures="0" tests="1" name="testPackage.TC_loginpage" time="7.371" errors="0" timestamp="2023-02-02T16:50:53 IST" skipped="0">
  <testcase classname="testPackage.TC_loginpage" name="verifylaunch" time="7.371"/>
  <system-out/>
</testsuite> <!-- testPackage.TC_loginpage -->
